<?xml version="1.0" encoding="UTF-8"?>
<testng-results ignored="0" total="1" passed="1" failed="0" skipped="0">
  <reporter-output>
  </reporter-output>
  <suite started-at="2019-10-04T14:09:15Z" name="Default suite" finished-at="2019-10-04T14:10:20Z" duration-ms="65009">
    <groups>
    </groups>
    <test started-at="2019-10-04T14:09:15Z" name="Default test" finished-at="2019-10-04T14:10:20Z" duration-ms="65009">
      <class name="com.atmecs.konakart.script.Searches">
        <test-method is-config="true" signature="browser()[pri:0, instance:com.atmecs.konakart.script.Searches@3bd40a57]" started-at="2019-10-04T14:09:15Z" name="browser" finished-at="2019-10-04T14:10:15Z" duration-ms="59855" status="PASS">
          <reporter-output>
          </reporter-output>
        </test-method> <!-- browser -->
        <test-method signature="positiveSearches()[pri:0, instance:com.atmecs.konakart.script.Searches@3bd40a57]" started-at="2019-10-04T14:10:15Z" name="positiveSearches" finished-at="2019-10-04T14:10:18Z" duration-ms="2772" status="PASS">
          <reporter-output>
          </reporter-output>
        </test-method> <!-- positiveSearches -->
        <test-method is-config="true" signature="browserClose()[pri:0, instance:com.atmecs.konakart.script.Searches@3bd40a57]" started-at="2019-10-04T14:10:18Z" name="browserClose" finished-at="2019-10-04T14:10:20Z" duration-ms="2285" status="PASS">
          <reporter-output>
          </reporter-output>
        </test-method> <!-- browserClose -->
      </class> <!-- com.atmecs.konakart.script.Searches -->
    </test> <!-- Default test -->
  </suite> <!-- Default suite -->
</testng-results>
